[06-Jan-2024 09:27:52 UTC] PHP Fatal error:  Uncaught Error: Undefined constant "oscarSection" in C:\Users\Jake\Local Sites\koukaki\app\public\wp-content\themes\foce-child\front-page.php:71
Stack trace:
#0 C:\Users\Jake\Local Sites\koukaki\app\public\wp-includes\template-loader.php(106): include()
#1 C:\Users\Jake\Local Sites\koukaki\app\public\wp-blog-header.php(19): require_once('C:\\Users\\Jake\\L...')
#2 C:\Users\Jake\Local Sites\koukaki\app\public\index.php(17): require('C:\\Users\\Jake\\L...')
#3 {main}
  thrown in C:\Users\Jake\Local Sites\koukaki\app\public\wp-content\themes\foce-child\front-page.php on line 71
[06-Jan-2024 09:28:01 UTC] PHP Fatal error:  Uncaught Error: Undefined constant "oscarSection" in C:\Users\Jake\Local Sites\koukaki\app\public\wp-content\themes\foce-child\front-page.php:71
Stack trace:
#0 C:\Users\Jake\Local Sites\koukaki\app\public\wp-includes\template-loader.php(106): include()
#1 C:\Users\Jake\Local Sites\koukaki\app\public\wp-blog-header.php(19): require_once('C:\\Users\\Jake\\L...')
#2 C:\Users\Jake\Local Sites\koukaki\app\public\index.php(17): require('C:\\Users\\Jake\\L...')
#3 {main}
  thrown in C:\Users\Jake\Local Sites\koukaki\app\public\wp-content\themes\foce-child\front-page.php on line 71
[06-Jan-2024 09:28:16 UTC] PHP Fatal error:  Uncaught Error: Undefined constant "oscarSection" in C:\Users\Jake\Local Sites\koukaki\app\public\wp-content\themes\foce-child\front-page.php:68
Stack trace:
#0 C:\Users\Jake\Local Sites\koukaki\app\public\wp-includes\template-loader.php(106): include()
#1 C:\Users\Jake\Local Sites\koukaki\app\public\wp-blog-header.php(19): require_once('C:\\Users\\Jake\\L...')
#2 C:\Users\Jake\Local Sites\koukaki\app\public\index.php(17): require('C:\\Users\\Jake\\L...')
#3 {main}
  thrown in C:\Users\Jake\Local Sites\koukaki\app\public\wp-content\themes\foce-child\front-page.php on line 68
[06-Jan-2024 09:45:59 UTC] PHP Fatal error:  Uncaught Error: Undefined constant "oscarSection" in C:\Users\Jake\Local Sites\koukaki\app\public\wp-content\themes\foce-child\front-page.php:68
Stack trace:
#0 C:\Users\Jake\Local Sites\koukaki\app\public\wp-includes\template-loader.php(106): include()
#1 C:\Users\Jake\Local Sites\koukaki\app\public\wp-blog-header.php(19): require_once('C:\\Users\\Jake\\L...')
#2 C:\Users\Jake\Local Sites\koukaki\app\public\index.php(17): require('C:\\Users\\Jake\\L...')
#3 {main}
  thrown in C:\Users\Jake\Local Sites\koukaki\app\public\wp-content\themes\foce-child\front-page.php on line 68
[06-Jan-2024 09:46:14 UTC] PHP Fatal error:  Uncaught Error: Undefined constant "oscarSection" in C:\Users\Jake\Local Sites\koukaki\app\public\wp-content\themes\foce-child\front-page.php:68
Stack trace:
#0 C:\Users\Jake\Local Sites\koukaki\app\public\wp-includes\template-loader.php(106): include()
#1 C:\Users\Jake\Local Sites\koukaki\app\public\wp-blog-header.php(19): require_once('C:\\Users\\Jake\\L...')
#2 C:\Users\Jake\Local Sites\koukaki\app\public\index.php(17): require('C:\\Users\\Jake\\L...')
#3 {main}
  thrown in C:\Users\Jake\Local Sites\koukaki\app\public\wp-content\themes\foce-child\front-page.php on line 68
[06-Jan-2024 09:46:51 UTC] PHP Fatal error:  Uncaught Error: Undefined constant "oscarSection" in C:\Users\Jake\Local Sites\koukaki\app\public\wp-content\themes\foce-child\front-page.php:68
Stack trace:
#0 C:\Users\Jake\Local Sites\koukaki\app\public\wp-includes\template-loader.php(106): include()
#1 C:\Users\Jake\Local Sites\koukaki\app\public\wp-blog-header.php(19): require_once('C:\\Users\\Jake\\L...')
#2 C:\Users\Jake\Local Sites\koukaki\app\public\index.php(17): require('C:\\Users\\Jake\\L...')
#3 {main}
  thrown in C:\Users\Jake\Local Sites\koukaki\app\public\wp-content\themes\foce-child\front-page.php on line 68
[06-Jan-2024 09:56:27 UTC] PHP Fatal error:  Uncaught Error: Undefined constant "oscarSection" in C:\Users\Jake\Local Sites\koukaki\app\public\wp-content\themes\foce-child\front-page.php:68
Stack trace:
#0 C:\Users\Jake\Local Sites\koukaki\app\public\wp-includes\template-loader.php(106): include()
#1 C:\Users\Jake\Local Sites\koukaki\app\public\wp-blog-header.php(19): require_once('C:\\Users\\Jake\\L...')
#2 C:\Users\Jake\Local Sites\koukaki\app\public\index.php(17): require('C:\\Users\\Jake\\L...')
#3 {main}
  thrown in C:\Users\Jake\Local Sites\koukaki\app\public\wp-content\themes\foce-child\front-page.php on line 68
[06-Jan-2024 10:04:34 UTC] PHP Fatal error:  Uncaught Error: Call to undefined function wp_enqueue_block() in C:\Users\Jake\Local Sites\koukaki\app\public\wp-content\themes\foce-child\functions.php:17
Stack trace:
#0 C:\Users\Jake\Local Sites\koukaki\app\public\wp-settings.php(611): include()
#1 C:\Users\Jake\Local Sites\koukaki\app\public\wp-config.php(103): require_once('C:\\Users\\Jake\\L...')
#2 C:\Users\Jake\Local Sites\koukaki\app\public\wp-load.php(50): require_once('C:\\Users\\Jake\\L...')
#3 C:\Users\Jake\Local Sites\koukaki\app\public\wp-blog-header.php(13): require_once('C:\\Users\\Jake\\L...')
#4 C:\Users\Jake\Local Sites\koukaki\app\public\index.php(17): require('C:\\Users\\Jake\\L...')
#5 {main}
  thrown in C:\Users\Jake\Local Sites\koukaki\app\public\wp-content\themes\foce-child\functions.php on line 17
[06-Jan-2024 10:04:34 UTC] PHP Fatal error:  Uncaught Error: Call to undefined function wp_enqueue_block() in C:\Users\Jake\Local Sites\koukaki\app\public\wp-content\themes\foce-child\functions.php:17
Stack trace:
#0 C:\Users\Jake\Local Sites\koukaki\app\public\wp-settings.php(611): include()
#1 C:\Users\Jake\Local Sites\koukaki\app\public\wp-config.php(103): require_once('C:\\Users\\Jake\\L...')
#2 C:\Users\Jake\Local Sites\koukaki\app\public\wp-load.php(50): require_once('C:\\Users\\Jake\\L...')
#3 C:\Users\Jake\Local Sites\koukaki\app\public\wp-blog-header.php(13): require_once('C:\\Users\\Jake\\L...')
#4 C:\Users\Jake\Local Sites\koukaki\app\public\index.php(17): require('C:\\Users\\Jake\\L...')
#5 {main}
  thrown in C:\Users\Jake\Local Sites\koukaki\app\public\wp-content\themes\foce-child\functions.php on line 17
[06-Jan-2024 10:07:22 UTC] PHP Fatal error:  Uncaught Error: Call to undefined function get_template_parts() in C:\Users\Jake\Local Sites\koukaki\app\public\wp-content\themes\foce-child\front-page.php:72
Stack trace:
#0 C:\Users\Jake\Local Sites\koukaki\app\public\wp-includes\template-loader.php(106): include()
#1 C:\Users\Jake\Local Sites\koukaki\app\public\wp-blog-header.php(19): require_once('C:\\Users\\Jake\\L...')
#2 C:\Users\Jake\Local Sites\koukaki\app\public\index.php(17): require('C:\\Users\\Jake\\L...')
#3 {main}
  thrown in C:\Users\Jake\Local Sites\koukaki\app\public\wp-content\themes\foce-child\front-page.php on line 72
[06-Jan-2024 10:09:25 UTC] PHP Fatal error:  Uncaught Error: Undefined constant "get" in C:\Users\Jake\Local Sites\koukaki\app\public\wp-content\themes\foce-child\front-page.php:72
Stack trace:
#0 C:\Users\Jake\Local Sites\koukaki\app\public\wp-includes\template-loader.php(106): include()
#1 C:\Users\Jake\Local Sites\koukaki\app\public\wp-blog-header.php(19): require_once('C:\\Users\\Jake\\L...')
#2 C:\Users\Jake\Local Sites\koukaki\app\public\index.php(17): require('C:\\Users\\Jake\\L...')
#3 {main}
  thrown in C:\Users\Jake\Local Sites\koukaki\app\public\wp-content\themes\foce-child\front-page.php on line 72
[09-Jan-2024 11:54:05 UTC] PHP Parse error:  syntax error, unexpected floating-point number ".0", expecting ")" in C:\Users\Jake\Local Sites\koukaki\app\public\wp-content\themes\foce-child\functions.php on line 18
[09-Jan-2024 11:54:05 UTC] PHP Parse error:  syntax error, unexpected floating-point number ".0", expecting ")" in C:\Users\Jake\Local Sites\koukaki\app\public\wp-content\themes\foce-child\functions.php on line 18
[09-Jan-2024 11:58:07 UTC] PHP Parse error:  syntax error, unexpected token "," in C:\Users\Jake\Local Sites\koukaki\app\public\wp-content\themes\foce-child\functions.php on line 18
[09-Jan-2024 11:58:07 UTC] PHP Parse error:  syntax error, unexpected token "," in C:\Users\Jake\Local Sites\koukaki\app\public\wp-content\themes\foce-child\functions.php on line 18
[09-Jan-2024 11:58:12 UTC] PHP Parse error:  syntax error, unexpected token "," in C:\Users\Jake\Local Sites\koukaki\app\public\wp-content\themes\foce-child\functions.php on line 18
[09-Jan-2024 11:58:12 UTC] PHP Warning:  Trying to access array offset on value of type bool in C:\Users\Jake\Local Sites\koukaki\app\public\wp-includes\class-wp-recovery-mode-email-service.php on line 367
[09-Jan-2024 11:58:12 UTC] PHP Warning:  Trying to access array offset on value of type bool in C:\Users\Jake\Local Sites\koukaki\app\public\wp-includes\class-wp-recovery-mode-email-service.php on line 368
[09-Jan-2024 13:23:32 UTC] PHP Parse error:  syntax error, unexpected identifier "defer" in C:\Users\Jake\Local Sites\koukaki\app\public\wp-content\themes\foce-child\functions.php on line 18
[09-Jan-2024 13:23:32 UTC] PHP Parse error:  syntax error, unexpected identifier "defer" in C:\Users\Jake\Local Sites\koukaki\app\public\wp-content\themes\foce-child\functions.php on line 18
[09-Jan-2024 17:23:48 UTC] PHP Fatal error:  Uncaught Error: Call to undefined function get_theme_uri() in C:\Users\Jake\Local Sites\koukaki\app\public\wp-content\themes\foce-child\functions.php:19
Stack trace:
#0 C:\Users\Jake\Local Sites\koukaki\app\public\wp-settings.php(611): include()
#1 C:\Users\Jake\Local Sites\koukaki\app\public\wp-config.php(103): require_once('C:\\Users\\Jake\\L...')
#2 C:\Users\Jake\Local Sites\koukaki\app\public\wp-load.php(50): require_once('C:\\Users\\Jake\\L...')
#3 C:\Users\Jake\Local Sites\koukaki\app\public\wp-blog-header.php(13): require_once('C:\\Users\\Jake\\L...')
#4 C:\Users\Jake\Local Sites\koukaki\app\public\index.php(17): require('C:\\Users\\Jake\\L...')
#5 {main}
  thrown in C:\Users\Jake\Local Sites\koukaki\app\public\wp-content\themes\foce-child\functions.php on line 19
[09-Jan-2024 17:23:48 UTC] PHP Fatal error:  Uncaught Error: Call to undefined function get_theme_uri() in C:\Users\Jake\Local Sites\koukaki\app\public\wp-content\themes\foce-child\functions.php:19
Stack trace:
#0 C:\Users\Jake\Local Sites\koukaki\app\public\wp-settings.php(611): include()
#1 C:\Users\Jake\Local Sites\koukaki\app\public\wp-config.php(103): require_once('C:\\Users\\Jake\\L...')
#2 C:\Users\Jake\Local Sites\koukaki\app\public\wp-load.php(50): require_once('C:\\Users\\Jake\\L...')
#3 C:\Users\Jake\Local Sites\koukaki\app\public\wp-blog-header.php(13): require_once('C:\\Users\\Jake\\L...')
#4 C:\Users\Jake\Local Sites\koukaki\app\public\index.php(17): require('C:\\Users\\Jake\\L...')
#5 {main}
  thrown in C:\Users\Jake\Local Sites\koukaki\app\public\wp-content\themes\foce-child\functions.php on line 19
[09-Jan-2024 17:23:57 UTC] PHP Fatal error:  Uncaught Error: Call to undefined function get_theme_uri() in C:\Users\Jake\Local Sites\koukaki\app\public\wp-content\themes\foce-child\functions.php:19
Stack trace:
#0 C:\Users\Jake\Local Sites\koukaki\app\public\wp-settings.php(611): include()
#1 C:\Users\Jake\Local Sites\koukaki\app\public\wp-config.php(103): require_once('C:\\Users\\Jake\\L...')
#2 C:\Users\Jake\Local Sites\koukaki\app\public\wp-load.php(50): require_once('C:\\Users\\Jake\\L...')
#3 C:\Users\Jake\Local Sites\koukaki\app\public\wp-blog-header.php(13): require_once('C:\\Users\\Jake\\L...')
#4 C:\Users\Jake\Local Sites\koukaki\app\public\index.php(17): require('C:\\Users\\Jake\\L...')
#5 {main}
  thrown in C:\Users\Jake\Local Sites\koukaki\app\public\wp-content\themes\foce-child\functions.php on line 19
[09-Jan-2024 17:23:57 UTC] PHP Fatal error:  Uncaught Error: Call to undefined function get_theme_uri() in C:\Users\Jake\Local Sites\koukaki\app\public\wp-content\themes\foce-child\functions.php:19
Stack trace:
#0 C:\Users\Jake\Local Sites\koukaki\app\public\wp-settings.php(611): include()
#1 C:\Users\Jake\Local Sites\koukaki\app\public\wp-config.php(103): require_once('C:\\Users\\Jake\\L...')
#2 C:\Users\Jake\Local Sites\koukaki\app\public\wp-load.php(50): require_once('C:\\Users\\Jake\\L...')
#3 C:\Users\Jake\Local Sites\koukaki\app\public\wp-blog-header.php(13): require_once('C:\\Users\\Jake\\L...')
#4 C:\Users\Jake\Local Sites\koukaki\app\public\index.php(17): require('C:\\Users\\Jake\\L...')
#5 {main}
  thrown in C:\Users\Jake\Local Sites\koukaki\app\public\wp-content\themes\foce-child\functions.php on line 19
[09-Jan-2024 19:40:26 UTC] PHP Fatal error:  Uncaught Error: Undefined constant "get_template_directory_uri" in C:\Users\Jake\Local Sites\koukaki\app\public\wp-content\themes\foce-child\template-parts\oscarSection.php:8
Stack trace:
#0 C:\Users\Jake\Local Sites\koukaki\app\public\wp-includes\template.php(792): require()
#1 C:\Users\Jake\Local Sites\koukaki\app\public\wp-includes\template.php(725): load_template('C:\\Users\\Jake\\L...', false, Array)
#2 C:\Users\Jake\Local Sites\koukaki\app\public\wp-includes\general-template.php(206): locate_template(Array, true, false, Array)
#3 C:\Users\Jake\Local Sites\koukaki\app\public\wp-content\themes\foce-child\front-page.php(75): get_template_part('template-parts/...')
#4 C:\Users\Jake\Local Sites\koukaki\app\public\wp-includes\template-loader.php(106): include('C:\\Users\\Jake\\L...')
#5 C:\Users\Jake\Local Sites\koukaki\app\public\wp-blog-header.php(19): require_once('C:\\Users\\Jake\\L...')
#6 C:\Users\Jake\Local Sites\koukaki\app\public\index.php(17): require('C:\\Users\\Jake\\L...')
#7 {main}
  thrown in C:\Users\Jake\Local Sites\koukaki\app\public\wp-content\themes\foce-child\template-parts\oscarSection.php on line 8
[10-Jan-2024 11:51:22 UTC] PHP Parse error:  syntax error, unexpected single-quoted string "/images/logo.png" in C:\Users\Jake\Local Sites\koukaki\app\public\wp-content\themes\foce-child\front-page.php on line 11
[11-Jan-2024 16:35:04 UTC] PHP Fatal error:  Cannot use empty array elements in arrays in C:\Users\Jake\Local Sites\koukaki\app\public\wp-content\themes\foce-child\functions.php on line 18
[11-Jan-2024 16:35:04 UTC] PHP Fatal error:  Cannot use empty array elements in arrays in C:\Users\Jake\Local Sites\koukaki\app\public\wp-content\themes\foce-child\functions.php on line 18
[12-Jan-2024 09:05:35 UTC] PHP Parse error:  syntax error, unexpected token "." in C:\Users\Jake\Local Sites\koukaki\app\public\wp-content\themes\foce-child\functions.php on line 21
[12-Jan-2024 09:05:35 UTC] PHP Warning:  Trying to access array offset on value of type bool in C:\Users\Jake\Local Sites\koukaki\app\public\wp-includes\class-wp-recovery-mode-email-service.php on line 367
[12-Jan-2024 09:05:35 UTC] PHP Warning:  Trying to access array offset on value of type bool in C:\Users\Jake\Local Sites\koukaki\app\public\wp-includes\class-wp-recovery-mode-email-service.php on line 368
[12-Jan-2024 09:05:50 UTC] PHP Parse error:  syntax error, unexpected token "." in C:\Users\Jake\Local Sites\koukaki\app\public\wp-content\themes\foce-child\functions.php on line 21
[12-Jan-2024 09:05:50 UTC] PHP Parse error:  syntax error, unexpected token "." in C:\Users\Jake\Local Sites\koukaki\app\public\wp-content\themes\foce-child\functions.php on line 21
[12-Jan-2024 09:37:56 UTC] PHP Fatal error:  Cannot use empty array elements in arrays in C:\Users\Jake\Local Sites\koukaki\app\public\wp-content\themes\foce-child\functions.php on line 5
[12-Jan-2024 09:37:56 UTC] PHP Fatal error:  Cannot use empty array elements in arrays in C:\Users\Jake\Local Sites\koukaki\app\public\wp-content\themes\foce-child\functions.php on line 5
[14-Jan-2024 13:20:28 UTC] PHP Warning:  Undefined variable $characters_query in C:\Users\Jake\Local Sites\koukaki\app\public\wp-content\themes\foce-child\template-parts\slider.php on line 7
[14-Jan-2024 13:20:28 UTC] PHP Fatal error:  Uncaught Error: Call to a member function have_posts() on null in C:\Users\Jake\Local Sites\koukaki\app\public\wp-content\themes\foce-child\template-parts\slider.php:7
Stack trace:
#0 C:\Users\Jake\Local Sites\koukaki\app\public\wp-includes\template.php(792): require()
#1 C:\Users\Jake\Local Sites\koukaki\app\public\wp-includes\template.php(725): load_template('C:\\Users\\Jake\\L...', false, Array)
#2 C:\Users\Jake\Local Sites\koukaki\app\public\wp-includes\general-template.php(206): locate_template(Array, true, false, Array)
#3 C:\Users\Jake\Local Sites\koukaki\app\public\wp-content\themes\foce-child\front-page.php(24): get_template_part('template-parts/...', 'slider')
#4 C:\Users\Jake\Local Sites\koukaki\app\public\wp-includes\template-loader.php(106): include('C:\\Users\\Jake\\L...')
#5 C:\Users\Jake\Local Sites\koukaki\app\public\wp-blog-header.php(19): require_once('C:\\Users\\Jake\\L...')
#6 C:\Users\Jake\Local Sites\koukaki\app\public\index.php(17): require('C:\\Users\\Jake\\L...')
#7 {main}
  thrown in C:\Users\Jake\Local Sites\koukaki\app\public\wp-content\themes\foce-child\template-parts\slider.php on line 7
[15-Jan-2024 12:36:24 UTC] PHP Parse error:  syntax error, unexpected token "echo" in C:\Users\Jake\Local Sites\koukaki\app\public\wp-content\themes\foce-child\template-parts\slider.php on line 18
[15-Jan-2024 12:37:01 UTC] PHP Parse error:  syntax error, unexpected single-quoted string "</swiper-slide>  ", expecting "," or ";" in C:\Users\Jake\Local Sites\koukaki\app\public\wp-content\themes\foce-child\template-parts\slider.php on line 18
[16-Jan-2024 17:18:53 UTC] PHP Parse error:  syntax error, unexpected token "echo" in C:\Users\Jake\Local Sites\koukaki\app\public\wp-content\themes\foce-child\template-parts\slider.php on line 18
[16-Jan-2024 17:19:31 UTC] PHP Parse error:  syntax error, unexpected token ";", expecting ")" in C:\Users\Jake\Local Sites\koukaki\app\public\wp-content\themes\foce-child\template-parts\slider.php on line 18
[16-Jan-2024 17:19:38 UTC] PHP Parse error:  syntax error, unexpected token ";", expecting ")" in C:\Users\Jake\Local Sites\koukaki\app\public\wp-content\themes\foce-child\template-parts\slider.php on line 18
[16-Jan-2024 17:19:45 UTC] PHP Parse error:  syntax error, unexpected token ";", expecting ")" in C:\Users\Jake\Local Sites\koukaki\app\public\wp-content\themes\foce-child\template-parts\slider.php on line 18
[16-Jan-2024 17:24:56 UTC] PHP Parse error:  syntax error, unexpected token "echo" in C:\Users\Jake\Local Sites\koukaki\app\public\wp-content\themes\foce-child\template-parts\slider.php on line 18
[16-Jan-2024 17:25:02 UTC] PHP Parse error:  syntax error, unexpected token "." in C:\Users\Jake\Local Sites\koukaki\app\public\wp-content\themes\foce-child\template-parts\slider.php on line 18
[16-Jan-2024 17:25:15 UTC] PHP Parse error:  syntax error, unexpected token "echo" in C:\Users\Jake\Local Sites\koukaki\app\public\wp-content\themes\foce-child\template-parts\slider.php on line 18
[16-Jan-2024 17:25:30 UTC] PHP Parse error:  syntax error, unexpected token "echo" in C:\Users\Jake\Local Sites\koukaki\app\public\wp-content\themes\foce-child\template-parts\slider.php on line 18
[16-Jan-2024 17:25:33 UTC] PHP Parse error:  syntax error, unexpected token "." in C:\Users\Jake\Local Sites\koukaki\app\public\wp-content\themes\foce-child\template-parts\slider.php on line 18
[17-Jan-2024 09:46:25 UTC] PHP Parse error:  syntax error, unexpected single-quoted string "</swiper-slide>  ", expecting "," or ";" in C:\Users\Jake\Local Sites\koukaki\app\public\wp-content\themes\foce-child\template-parts\slider.php on line 18
[17-Jan-2024 11:49:26 UTC] PHP Parse error:  syntax error, unexpected token ";", expecting "]" in C:\Users\Jake\Local Sites\koukaki\app\public\wp-content\themes\foce-child\functions.php on line 21
[17-Jan-2024 11:49:26 UTC] PHP Parse error:  syntax error, unexpected token ";", expecting "]" in C:\Users\Jake\Local Sites\koukaki\app\public\wp-content\themes\foce-child\functions.php on line 21
[17-Jan-2024 11:49:51 UTC] PHP Parse error:  syntax error, unexpected single-quoted string "1.1.1", expecting ")" in C:\Users\Jake\Local Sites\koukaki\app\public\wp-content\themes\foce-child\functions.php on line 21
[17-Jan-2024 11:49:51 UTC] PHP Parse error:  syntax error, unexpected single-quoted string "1.1.1", expecting ")" in C:\Users\Jake\Local Sites\koukaki\app\public\wp-content\themes\foce-child\functions.php on line 21
